Fri, 17 Jan 2020 16:40:33   :608 ms openimu.py          [find_device                             ][line: 128]  INFO     Find device,------------------------------------------------------------------------
Fri, 17 Jan 2020 16:40:33   :621 ms openimu.py          [find_device                             ][line: 131] DEBUG     no device id, staring find device while loop
Fri, 17 Jan 2020 16:40:33   :622 ms openimu.py          [find_ports                              ][line: 162] DEBUG     at find_ports
Fri, 17 Jan 2020 16:40:33   :626 ms openimu.py          [find_ports                              ][line: 168]  INFO     system ports detected:['COM18']
Fri, 17 Jan 2020 16:40:33   :626 ms openimu.py          [find_ports                              ][line: 178] DEBUG     Testing port COM18
Fri, 17 Jan 2020 16:40:33   :627 ms openimu.py          [find_ports                              ][line: 194] DEBUG     result:[]
Fri, 17 Jan 2020 16:40:37   :627 ms openimu.py          [find_device                             ][line: 131] DEBUG     no device id, staring find device while loop
Fri, 17 Jan 2020 16:40:37   :628 ms openimu.py          [find_ports                              ][line: 162] DEBUG     at find_ports
Fri, 17 Jan 2020 16:40:37   :641 ms openimu.py          [find_ports                              ][line: 168]  INFO     system ports detected:['COM18']
Fri, 17 Jan 2020 16:40:37   :641 ms openimu.py          [find_ports                              ][line: 178] DEBUG     Testing port COM18
Fri, 17 Jan 2020 16:40:37   :641 ms openimu.py          [find_ports                              ][line: 194] DEBUG     result:[]
Fri, 17 Jan 2020 16:40:38   :143 ms openimu.py          [find_device                             ][line: 131] DEBUG     no device id, staring find device while loop
Fri, 17 Jan 2020 16:40:38   :144 ms openimu.py          [find_ports                              ][line: 162] DEBUG     at find_ports
Fri, 17 Jan 2020 16:40:38   :150 ms openimu.py          [find_ports                              ][line: 168]  INFO     system ports detected:['COM18']
Fri, 17 Jan 2020 16:40:38   :150 ms openimu.py          [find_ports                              ][line: 178] DEBUG     Testing port COM18
Fri, 17 Jan 2020 16:40:38   :151 ms openimu.py          [find_ports                              ][line: 194] DEBUG     result:[]
Fri, 17 Jan 2020 16:40:38   :651 ms openimu.py          [find_device                             ][line: 131] DEBUG     no device id, staring find device while loop
Fri, 17 Jan 2020 16:40:38   :651 ms openimu.py          [find_ports                              ][line: 162] DEBUG     at find_ports
Fri, 17 Jan 2020 16:40:38   :657 ms openimu.py          [find_ports                              ][line: 168]  INFO     system ports detected:['COM18']
Fri, 17 Jan 2020 16:40:38   :657 ms openimu.py          [find_ports                              ][line: 178] DEBUG     Testing port COM18
Fri, 17 Jan 2020 16:40:38   :658 ms openimu.py          [find_ports                              ][line: 194] DEBUG     result:[]
Fri, 17 Jan 2020 16:40:39   :159 ms openimu.py          [find_device                             ][line: 131] DEBUG     no device id, staring find device while loop
Fri, 17 Jan 2020 16:40:39   :159 ms openimu.py          [find_ports                              ][line: 162] DEBUG     at find_ports
Fri, 17 Jan 2020 16:40:39   :166 ms openimu.py          [find_ports                              ][line: 168]  INFO     system ports detected:['COM18']
Fri, 17 Jan 2020 16:40:39   :167 ms openimu.py          [find_ports                              ][line: 178] DEBUG     Testing port COM18
Fri, 17 Jan 2020 16:40:39   :167 ms openimu.py          [find_ports                              ][line: 194] DEBUG     result:[]
Fri, 17 Jan 2020 16:40:39   :668 ms openimu.py          [find_device                             ][line: 131] DEBUG     no device id, staring find device while loop
Fri, 17 Jan 2020 16:40:39   :669 ms openimu.py          [find_ports                              ][line: 162] DEBUG     at find_ports
Fri, 17 Jan 2020 16:40:39   :679 ms openimu.py          [find_ports                              ][line: 168]  INFO     system ports detected:['COM18']
Fri, 17 Jan 2020 16:40:39   :679 ms openimu.py          [find_ports                              ][line: 178] DEBUG     Testing port COM18
Fri, 17 Jan 2020 16:40:39   :680 ms openimu.py          [find_ports                              ][line: 194] DEBUG     result:[]
Fri, 17 Jan 2020 16:40:40   :181 ms openimu.py          [find_device                             ][line: 131] DEBUG     no device id, staring find device while loop
Fri, 17 Jan 2020 16:40:40   :183 ms openimu.py          [find_ports                              ][line: 162] DEBUG     at find_ports
Fri, 17 Jan 2020 16:40:40   :197 ms openimu.py          [find_ports                              ][line: 168]  INFO     system ports detected:['COM18']
Fri, 17 Jan 2020 16:40:40   :197 ms openimu.py          [find_ports                              ][line: 178] DEBUG     Testing port COM18
Fri, 17 Jan 2020 16:40:40   :198 ms openimu.py          [find_ports                              ][line: 194] DEBUG     result:[]
Fri, 17 Jan 2020 16:40:40   :699 ms openimu.py          [find_device                             ][line: 131] DEBUG     no device id, staring find device while loop
Fri, 17 Jan 2020 16:40:40   :700 ms openimu.py          [find_ports                              ][line: 162] DEBUG     at find_ports
Fri, 17 Jan 2020 16:40:40   :710 ms openimu.py          [find_ports                              ][line: 168]  INFO     system ports detected:['COM18']
Fri, 17 Jan 2020 16:40:40   :711 ms openimu.py          [find_ports                              ][line: 178] DEBUG     Testing port COM18
Fri, 17 Jan 2020 16:40:40   :711 ms openimu.py          [find_ports                              ][line: 194] DEBUG     result:[]
Fri, 17 Jan 2020 16:40:41   :213 ms openimu.py          [find_device                             ][line: 131] DEBUG     no device id, staring find device while loop
Fri, 17 Jan 2020 16:40:41   :214 ms openimu.py          [find_ports                              ][line: 162] DEBUG     at find_ports
Fri, 17 Jan 2020 16:40:41   :226 ms openimu.py          [find_ports                              ][line: 168]  INFO     system ports detected:['COM18']
Fri, 17 Jan 2020 16:40:41   :226 ms openimu.py          [find_ports                              ][line: 178] DEBUG     Testing port COM18
Fri, 17 Jan 2020 16:40:41   :226 ms openimu.py          [find_ports                              ][line: 194] DEBUG     result:[]
Fri, 17 Jan 2020 16:40:41   :727 ms openimu.py          [find_device                             ][line: 131] DEBUG     no device id, staring find device while loop
Fri, 17 Jan 2020 16:40:41   :728 ms openimu.py          [find_ports                              ][line: 162] DEBUG     at find_ports
Fri, 17 Jan 2020 16:40:41   :733 ms openimu.py          [find_ports                              ][line: 168]  INFO     system ports detected:['COM18']
Fri, 17 Jan 2020 16:40:41   :733 ms openimu.py          [find_ports                              ][line: 178] DEBUG     Testing port COM18
Fri, 17 Jan 2020 16:40:41   :733 ms openimu.py          [find_ports                              ][line: 194] DEBUG     result:[]
Fri, 17 Jan 2020 16:40:42   :233 ms openimu.py          [find_device                             ][line: 131] DEBUG     no device id, staring find device while loop
Fri, 17 Jan 2020 16:40:42   :235 ms openimu.py          [find_ports                              ][line: 162] DEBUG     at find_ports
Fri, 17 Jan 2020 16:40:42   :249 ms openimu.py          [find_ports                              ][line: 168]  INFO     system ports detected:['COM18']
Fri, 17 Jan 2020 16:40:42   :250 ms openimu.py          [find_ports                              ][line: 178] DEBUG     Testing port COM18
Fri, 17 Jan 2020 16:40:42   :250 ms openimu.py          [find_ports                              ][line: 194] DEBUG     result:[]
Fri, 17 Jan 2020 16:40:42   :750 ms openimu.py          [find_device                             ][line: 131] DEBUG     no device id, staring find device while loop
Fri, 17 Jan 2020 16:40:42   :751 ms openimu.py          [find_ports                              ][line: 162] DEBUG     at find_ports
Fri, 17 Jan 2020 16:40:42   :759 ms openimu.py          [find_ports                              ][line: 168]  INFO     system ports detected:['COM18']
Fri, 17 Jan 2020 16:40:42   :759 ms openimu.py          [find_ports                              ][line: 178] DEBUG     Testing port COM18
Fri, 17 Jan 2020 16:40:42   :759 ms openimu.py          [find_ports                              ][line: 194] DEBUG     result:[]
Fri, 17 Jan 2020 16:40:43   :261 ms openimu.py          [find_device                             ][line: 131] DEBUG     no device id, staring find device while loop
Fri, 17 Jan 2020 16:40:43   :262 ms openimu.py          [find_ports                              ][line: 162] DEBUG     at find_ports
Fri, 17 Jan 2020 16:40:43   :271 ms openimu.py          [find_ports                              ][line: 168]  INFO     system ports detected:['COM18']
Fri, 17 Jan 2020 16:40:43   :271 ms openimu.py          [find_ports                              ][line: 178] DEBUG     Testing port COM18
Fri, 17 Jan 2020 16:40:43   :272 ms openimu.py          [find_ports                              ][line: 194] DEBUG     result:[]
Fri, 17 Jan 2020 16:40:43   :773 ms openimu.py          [find_device                             ][line: 131] DEBUG     no device id, staring find device while loop
Fri, 17 Jan 2020 16:40:43   :774 ms openimu.py          [find_ports                              ][line: 162] DEBUG     at find_ports
Fri, 17 Jan 2020 16:40:43   :780 ms openimu.py          [find_ports                              ][line: 168]  INFO     system ports detected:['COM18']
Fri, 17 Jan 2020 16:40:43   :780 ms openimu.py          [find_ports                              ][line: 178] DEBUG     Testing port COM18
Fri, 17 Jan 2020 16:40:43   :780 ms openimu.py          [find_ports                              ][line: 194] DEBUG     result:[]
